c:\users\guidi\documents\universidad\5 semestre\computación grafica\codigo ogl\ejemplo1\debug\vc142.pdb
c:\users\guidi\documents\universidad\5 semestre\computación grafica\codigo ogl\ejemplo1\debug\vc142.idb
c:\users\guidi\documents\universidad\5 semestre\computación grafica\codigo ogl\ejemplo1\debug\arbol.obj
c:\users\guidi\documents\universidad\5 semestre\computación grafica\codigo ogl\ejemplo1\debug\glapplication.obj
c:\users\guidi\documents\universidad\5 semestre\computación grafica\codigo ogl\ejemplo1\debug\glsl.obj
c:\users\guidi\documents\universidad\5 semestre\computación grafica\codigo ogl\ejemplo1\debug\glutwindow.obj
c:\users\guidi\documents\universidad\5 semestre\computación grafica\codigo ogl\ejemplo1\debug\glwindow.obj
c:\users\guidi\documents\universidad\5 semestre\computación grafica\codigo ogl\ejemplo1\debug\main.obj
c:\users\guidi\documents\universidad\5 semestre\computación grafica\codigo ogl\ejemplo1\debug\freeglut_ext.obj
c:\users\guidi\documents\universidad\5 semestre\computación grafica\codigo ogl\ejemplo1\debug\freeglut_font.obj
c:\users\guidi\documents\universidad\5 semestre\computación grafica\codigo ogl\ejemplo1\debug\freeglut_font_data.obj
c:\users\guidi\documents\universidad\5 semestre\computación grafica\codigo ogl\ejemplo1\debug\freeglut_gamemode.obj
c:\users\guidi\documents\universidad\5 semestre\computación grafica\codigo ogl\ejemplo1\debug\freeglut_geometry.obj
c:\users\guidi\documents\universidad\5 semestre\computación grafica\codigo ogl\ejemplo1\debug\freeglut_glutfont_definitions.obj
c:\users\guidi\documents\universidad\5 semestre\computación grafica\codigo ogl\ejemplo1\debug\freeglut_init.obj
c:\users\guidi\documents\universidad\5 semestre\computación grafica\codigo ogl\ejemplo1\debug\freeglut_joystick.obj
c:\users\guidi\documents\universidad\5 semestre\computación grafica\codigo ogl\ejemplo1\debug\freeglut_main.obj
c:\users\guidi\documents\universidad\5 semestre\computación grafica\codigo ogl\ejemplo1\debug\freeglut_menu.obj
c:\users\guidi\documents\universidad\5 semestre\computación grafica\codigo ogl\ejemplo1\debug\freeglut_misc.obj
c:\users\guidi\documents\universidad\5 semestre\computación grafica\codigo ogl\ejemplo1\debug\freeglut_overlay.obj
c:\users\guidi\documents\universidad\5 semestre\computación grafica\codigo ogl\ejemplo1\debug\freeglut_state.obj
c:\users\guidi\documents\universidad\5 semestre\computación grafica\codigo ogl\ejemplo1\debug\freeglut_stroke_mono_roman.obj
c:\users\guidi\documents\universidad\5 semestre\computación grafica\codigo ogl\ejemplo1\debug\freeglut_stroke_roman.obj
c:\users\guidi\documents\universidad\5 semestre\computación grafica\codigo ogl\ejemplo1\debug\freeglut_structure.obj
c:\users\guidi\documents\universidad\5 semestre\computación grafica\codigo ogl\ejemplo1\debug\freeglut_teapot.obj
c:\users\guidi\documents\universidad\5 semestre\computación grafica\codigo ogl\ejemplo1\debug\freeglut_videoresize.obj
c:\users\guidi\documents\universidad\5 semestre\computación grafica\codigo ogl\ejemplo1\debug\freeglut_window.obj
c:\users\guidi\documents\universidad\5 semestre\computación grafica\codigo ogl\ejemplo1\debug\glew.obj
c:\users\guidi\documents\universidad\5 semestre\computación grafica\codigo ogl\ejemplo1\debug\freeglut_callbacks.obj
c:\users\guidi\documents\universidad\5 semestre\computación grafica\codigo ogl\ejemplo1\debug\freeglut_cursor.obj
c:\users\guidi\documents\universidad\5 semestre\computación grafica\codigo ogl\ejemplo1\debug\freeglut_display.obj
c:\users\guidi\documents\universidad\5 semestre\computación grafica\codigo ogl\ejemplo1\debug\taza.obj
c:\users\guidi\documents\universidad\5 semestre\computación grafica\codigo ogl\ejemplo1\debug\triangulo.obj
c:\users\guidi\documents\universidad\5 semestre\computación grafica\codigo ogl\ejemplo1\debug\objeto.obj
c:\users\guidi\documents\universidad\5 semestre\computación grafica\codigo ogl\reto de dibujo 4\debug\vc142.pdb
c:\users\guidi\documents\universidad\5 semestre\computación grafica\codigo ogl\reto de dibujo 4\debug\vc142.idb
c:\users\guidi\documents\universidad\5 semestre\computación grafica\codigo ogl\reto de dibujo 4\debug\arbol.obj
c:\users\guidi\documents\universidad\5 semestre\computación grafica\codigo ogl\reto de dibujo 4\debug\glapplication.obj
c:\users\guidi\documents\universidad\5 semestre\computación grafica\codigo ogl\reto de dibujo 4\debug\glsl.obj
c:\users\guidi\documents\universidad\5 semestre\computación grafica\codigo ogl\reto de dibujo 4\debug\glutwindow.obj
c:\users\guidi\documents\universidad\5 semestre\computación grafica\codigo ogl\reto de dibujo 4\debug\glwindow.obj
c:\users\guidi\documents\universidad\5 semestre\computación grafica\codigo ogl\reto de dibujo 4\debug\objeto.obj
c:\users\guidi\documents\universidad\5 semestre\computación grafica\codigo ogl\reto de dibujo 4\debug\taza.obj
c:\users\guidi\documents\universidad\5 semestre\computación grafica\codigo ogl\reto de dibujo 4\debug\triangulo.obj
c:\users\guidi\documents\universidad\5 semestre\computación grafica\codigo ogl\reto de dibujo 4\debug\main.obj
c:\users\guidi\documents\universidad\5 semestre\computación grafica\codigo ogl\ejemplo1\debug\templateproject.exe
c:\users\guidi\documents\universidad\5 semestre\computación grafica\codigo ogl\ejemplo1\debug\templateproject.ilk
c:\users\guidi\documents\universidad\5 semestre\computación grafica\codigo ogl\ejemplo1\debug\templateproject.pdb
c:\users\guidi\documents\universidad\5 semestre\computación grafica\codigo ogl\reto de dibujo 4\debug\freeglut_callbacks.obj
c:\users\guidi\documents\universidad\5 semestre\computación grafica\codigo ogl\reto de dibujo 4\debug\freeglut_cursor.obj
c:\users\guidi\documents\universidad\5 semestre\computación grafica\codigo ogl\reto de dibujo 4\debug\freeglut_display.obj
c:\users\guidi\documents\universidad\5 semestre\computación grafica\codigo ogl\reto de dibujo 4\debug\freeglut_ext.obj
c:\users\guidi\documents\universidad\5 semestre\computación grafica\codigo ogl\reto de dibujo 4\debug\freeglut_font.obj
c:\users\guidi\documents\universidad\5 semestre\computación grafica\codigo ogl\reto de dibujo 4\debug\freeglut_font_data.obj
c:\users\guidi\documents\universidad\5 semestre\computación grafica\codigo ogl\reto de dibujo 4\debug\freeglut_gamemode.obj
c:\users\guidi\documents\universidad\5 semestre\computación grafica\codigo ogl\reto de dibujo 4\debug\freeglut_geometry.obj
c:\users\guidi\documents\universidad\5 semestre\computación grafica\codigo ogl\reto de dibujo 4\debug\freeglut_glutfont_definitions.obj
c:\users\guidi\documents\universidad\5 semestre\computación grafica\codigo ogl\reto de dibujo 4\debug\freeglut_init.obj
c:\users\guidi\documents\universidad\5 semestre\computación grafica\codigo ogl\reto de dibujo 4\debug\freeglut_joystick.obj
c:\users\guidi\documents\universidad\5 semestre\computación grafica\codigo ogl\reto de dibujo 4\debug\freeglut_main.obj
c:\users\guidi\documents\universidad\5 semestre\computación grafica\codigo ogl\reto de dibujo 4\debug\freeglut_menu.obj
c:\users\guidi\documents\universidad\5 semestre\computación grafica\codigo ogl\reto de dibujo 4\debug\freeglut_misc.obj
c:\users\guidi\documents\universidad\5 semestre\computación grafica\codigo ogl\reto de dibujo 4\debug\freeglut_overlay.obj
c:\users\guidi\documents\universidad\5 semestre\computación grafica\codigo ogl\reto de dibujo 4\debug\freeglut_state.obj
c:\users\guidi\documents\universidad\5 semestre\computación grafica\codigo ogl\reto de dibujo 4\debug\freeglut_stroke_mono_roman.obj
c:\users\guidi\documents\universidad\5 semestre\computación grafica\codigo ogl\reto de dibujo 4\debug\freeglut_stroke_roman.obj
c:\users\guidi\documents\universidad\5 semestre\computación grafica\codigo ogl\reto de dibujo 4\debug\freeglut_structure.obj
c:\users\guidi\documents\universidad\5 semestre\computación grafica\codigo ogl\reto de dibujo 4\debug\freeglut_teapot.obj
c:\users\guidi\documents\universidad\5 semestre\computación grafica\codigo ogl\reto de dibujo 4\debug\freeglut_videoresize.obj
c:\users\guidi\documents\universidad\5 semestre\computación grafica\codigo ogl\reto de dibujo 4\debug\freeglut_window.obj
c:\users\guidi\documents\universidad\5 semestre\computación grafica\codigo ogl\reto de dibujo 4\debug\glew.obj
c:\users\guidi\documents\universidad\5 semestre\computación grafica\codigo ogl\reto de dibujo 4\debug\templateproject.ilk
c:\users\guidi\documents\universidad\5 semestre\computación grafica\codigo ogl\reto de dibujo 4\debug\templateproject.pdb
c:\users\guidi\documents\universidad\5 semestre\computación grafica\codigo ogl\reto de dibujo 4\debug\templateproject.exe
c:\users\guidi\documents\universidad\5 semestre\computación grafica\codigo ogl\reto de dibujo 4\debug\templateproject.tlog\cl.command.1.tlog
c:\users\guidi\documents\universidad\5 semestre\computación grafica\codigo ogl\reto de dibujo 4\debug\templateproject.tlog\cl.read.1.tlog
c:\users\guidi\documents\universidad\5 semestre\computación grafica\codigo ogl\reto de dibujo 4\debug\templateproject.tlog\cl.write.1.tlog
c:\users\guidi\documents\universidad\5 semestre\computación grafica\codigo ogl\reto de dibujo 4\debug\templateproject.tlog\link.command.1.tlog
c:\users\guidi\documents\universidad\5 semestre\computación grafica\codigo ogl\reto de dibujo 4\debug\templateproject.tlog\link.read.1.tlog
c:\users\guidi\documents\universidad\5 semestre\computación grafica\codigo ogl\reto de dibujo 4\debug\templateproject.tlog\link.write.1.tlog
